<?xml version="1.0" encoding="UTF-8"?>
<!-- Generated by org.testng.reporters.JUnitReportReporter -->
<testsuite skipped="0" hostname="DESKTOP-6FRAPJ2" name="qaclickacademy.AppiumTest" tests="2" failures="0" timestamp="16 Apr 2019 19:58:29 GMT" time="0.001" errors="0">
  <testcase name="IOSApps" time="0.001" classname="qaclickacademy.AppiumTest"/>
  <testcase name="NativeAppAndroid" time="0.000" classname="qaclickacademy.AppiumTest"/>
</testsuite> <!-- qaclickacademy.AppiumTest -->
